<?xml version="1.0" encoding="UTF-8" standalone="yes"?><!DOCTYPE report PUBLIC "-//JACOCO//DTD Report 1.0//EN" "report.dtd"><report name="TestJenkins"><sessioninfo id="tayrone-Vostro-5470-6bab5239" start="1461469135126" dump="1461469135531"/><sessioninfo id="tayrone-Vostro-5470-be45bbe1" start="1461469135680" dump="1461469136559"/><sessioninfo id="tayrone-Vostro-5470-a866cbde" start="1461469135689" dump="1461469136562"/><sessioninfo id="tayrone-Vostro-5470-437e2c1a" start="1461469289012" dump="1461469289378"/><sessioninfo id="tayrone-Vostro-5470-a696b2e5" start="1461469444658" dump="1461469444991"/><sessioninfo id="tayrone-Vostro-5470-fcd36ee9" start="1461469684184" dump="1461469684568"/><sessioninfo id="tayrone-Vostro-5470-fffa5e78" start="1461469733054" dump="1461469733419"/><sessioninfo id="tayrone-Vostro-5470-a1101455" start="1461469778716" dump="1461469779056"/><sessioninfo id="tayrone-Vostro-5470-d433b1ca" start="1461469810897" dump="1461469811213"/><sessioninfo id="tayrone-Vostro-5470-40f16775" start="1461469850323" dump="1461469850632"/><sessioninfo id="tayrone-Vostro-5470-5dbc0270" start="1461469907485" dump="1461469907794"/><sessioninfo id="tayrone-Vostro-5470-e5062bdf" start="1461470565028" dump="1461470565390"/><sessioninfo id="tayrone-Vostro-5470-8d8daebb" start="1461470640336" dump="1461470640721"/><sessioninfo id="tayrone-Vostro-5470-93c58b87" start="1461471161452" dump="1461471161791"/><sessioninfo id="tayrone-Vostro-5470-39bdd2a" start="1461471182899" dump="1461471183183"/><sessioninfo id="tayrone-Vostro-5470-6bf1b613" start="1461471182906" dump="1461471183186"/><sessioninfo id="tayrone-Vostro-5470-7f9438d1" start="1461472229255" dump="1461472229596"/><sessioninfo id="tayrone-Vostro-5470-b58a86dd" start="1461472244086" dump="1461472244422"/></report>